187
9999 14
76523 69352 59558 52506 47804 47547 46079 36075 27423 25732 19634 8003 5307 131
9998 19
97190 93052 85931 85027 78073 73064 64416 63916 53242 39237 34701 32067 31316 23867 17066 14081 7541 7193 865
9997 12
85584 72730 71992 69237 63033 59288 53944 52051 47148 44061 28529 10870
9996 16
92682 85586 83827 78170 74454 69971 67187 53335 50533 46351 45377 43344 37131 31883 6423 6242
9995 18
93756 91767 89542 86369 78727 73596 71410 70893 68726 61205 49403 46238 37631 23844 14391 8124 6524 1518
9994 14
93548 81303 75783 66894 60602 54784 52988 51768 50457 33344 28710 28129 20708 7092
9993 16
79752 72203 71468 63913 57703 55118 49031 46906 45990 44783 44185 36072 27075 19710 14680 13809
9992 17
97315 94642 84675 65970 65697 63811 60898 54487 50037 28487 24118 21906 19245 18310 12834 11896 2448
9991 17
98864 95408 72860 60665 56716 51502 43231 33383 32898 30752 22243 19210 19048 9968 4563 1570 37
9990 20
97185 97012 95940 91768 90932 87181 86359 84247 78087 75856 74101 73697 68991 67807 66763 65349 18639 15941 12789 4701
9989 11
69340 60722 59460 41493 40136 37255 34117 25891 19744 19518 11994
9988 18
96950 88974 87754 80018 69107 65656 53433 52164 49773 48873 48035 30597 22228 19634 16440 12630 5272 1131
9987 14
98658 98610 81992 76853 74544 58783 55495 54002 51242 49936 45437 26202 13285 8091
9986 15
92716 85635 70134 67087 59227 53312 48586 48409 27290 18829 13568 11635 7492 4568 3996
9985 19
95315 94829 86708 81477 81469 71651 57997 46976 44342 43277 39791 35989 31641 27065 18118 13262 5474 4521 352
9984 20
94149 91754 77724 74962 72798 71598 65749 55113 54516 45974 44706 39137 34198 32827 29999 23974 21147 11821 9833 9593
9983 11
96527 95001 87773 82968 82378 76397 60907 43725 25503 13480 9763
9982 17
99619 97201 93782 92254 88801 86900 73764 73037 67579 42782 36138 26828 18704 17891 8580 6876 560
9981 12
98998 87829 85950 77470 57431 56954 50667 50305 45675 33265 25940 11285
9980 19
95073 93626 90109 76719 75845 71117 67749 65687 65284 64647 62181 54620 29629 27823 26187 18809 13131 7725 678
9979 19
99501 90942 87163 75381 68740 58806 53425 51509 40434 39199 34855 34206 27550 25079 24192 19621 14813 12572 7099
9978 13
95881 91524 88991 81895 76952 74011 56180 55913 43088 34257 33823 18542 8269
9977 17
92433 87676 72965 68248 65820 65125 63775 60396 52412 49485 47123 43782 40856 33970 28429 4094 1364
9976 19
94520 94155 91648 88266 87806 80825 71934 70401 62503 56801 56787 53636 46923 36773 29360 28661 21657 13393 789
9975 14
98346 84934 75546 73261 71752 49879 47748 41564 37935 20251 12838 7047 4637 3270
9974 19
99437 98977 98201 97944 96448 94198 92066 90364 84938 79498 74953 67287 65344 44834 40907 38381 36531 23324 3130
9973 10
96023 90739 64736 57987 50537 39969 36206 29936 27456 13220
9972 14
89694 89228 87287 82972 51730 49225 40970 32106 20484 20289 18025 17692 14160 6953
9971 16
96296 94187 77332 49710 49050 43708 43009 39106 35042 29304 25659 24796 16829 5995 1694 183
9970 10
95464 94432 84975 67604 59529 49813 49020 37977 27143 22242
9969 16
99075 95854 81322 72751 68976 54842 52544 51979 45751 44029 37860 21780 18515 11610 6156 281
9968 17
96894 94569 90427 82102 73626 70904 64034 53414 50967 35639 32977 21363 14120 12361 11920 3367 3208
9967 17
99313 94368 83090 78113 74751 71081 51540 45729 40981 32649 32317 31556 26088 24085 19232 18430 5526
9966 17
97543 96753 94205 91992 66745 54418 53382 51312 49157 47023 43424 37967 35141 25555 7254 4515 2384
9965 12
90631 76869 68053 64248 44731 43646 41978 34402 31691 14381 5383 2615
9964 15
93600 90826 74882 73032 72148 63313 63277 53911 37679 32776 27356 23351 17291 5296 3910
9963 19
99824 74257 66242 55717 54749 51392 47722 43895 35723 34741 32448 27003 23537 13534 13159 11101 9928 3471 1914
9962 20
96903 94676 94146 93742 92955 88430 84389 75876 73156 65389 61263 59462 58369 57707 39096 32814 29450 27352 23354 16559
9961 18
95507 94883 89342 89259 82655 80848 80328 79980 66223 55026 54869 39937 33325 32700 28694 23498 12357 2819
9960 12
90539 87648 81485 72726 72481 64334 62212 54985 51956 19578 10159 6102
9959 14
98864 96191 77174 58183 52749 44815 38560 26480 20609 14715 9752 7285 6915 4214
9958 15
99344 98420 88166 86319 82858 80897 74683 58465 57271 28942 23141 20595 14419 4164 1314
9957 14
99567 95280 94384 84047 81626 77993 72033 66822 54115 44572 42826 25033 11225 8807
9956 13
97509 86895 84525 83481 73679 51185 46911 39065 38387 34601 32066 26478 882
9955 19
95477 91437 83193 81418 79603 73413 68997 59542 57289 51468 48544 47250 34552 34016 33800 32652 25906 14402 11631
9954 13
98565 91260 85957 77371 74355 68841 53316 47005 41442 24599 18951 18434 16593
9953 18
96750 87428 83879 83311 74449 69069 61627 60133 59237 55218 46116 45894 42897 36687 30621 27536 19675 19279
9952 11
98626 96648 92306 88127 86956 84073 50646 43660 23164 15371 10359
9951 20
99083 98805 93979 83863 79279 77165 75166 64155 59129 51430 50730 50703 49895 44718 30746 30497 29724 23612 15113 6896
9950 14
95640 72253 71847 57279 49231 44004 43620 42380 28562 17136 16777 2947 2873 2144
9949 15
96578 96350 85791 83753 83717 81333 73271 71386 69454 48295 28992 27139 19309 18705 1238
9948 13
90758 83858 78907 74943 60007 55894 44866 24599 23869 15301 10231 7578 4624
9947 10
97238 67057 66091 62337 61594 51202 45607 36168 23850 15484
9946 11
93444 91553 73525 66502 60802 40446 37426 16291 14189 8921 3644
9945 15
82077 74190 74099 66456 56229 52417 51500 46780 39850 35303 27614 16504 4135 4118 1608
9944 11
99299 86547 79482 66677 47011 38596 38298 37998 16978 10318 3491
9943 10
99815 98255 87603 86664 81098 78909 55687 40379 29836 29452
9942 13
96408 92963 92340 89284 85910 79194 68696 66376 44516 34801 26131 21151 12038
9941 12
81091 75885 62087 49356 49025 35866 33837 29858 22657 21924 2789 2249
9940 11
97044 95477 94771 93630 84009 76876 67245 60627 34202 25367 23236
9939 15
97962 75717 71248 70741 68487 57793 49566 46159 36622 24064 22615 3656 2810 2578 279
9938 16
99117 96019 85244 73694 65909 58260 54067 45974 35077 30212 27421 25607 20363 14655 12168 5561
9937 20
93635 93406 93171 86547 80626 80087 73695 71638 67641 66338 65351 64210 55483 33274 32255 27017 23664 19533 16797 8300
9936 12
98806 90347 80212 74831 72556 68868 50206 32529 12867 10683 8667 5817
9935 11
95122 90786 87372 69125 66251 24775 22836 19425 16590 4387 1122
9934 14
85896 76048 74498 62769 61475 50954 48939 42785 40644 33290 31611 26078 13865 12599
9933 17
98843 98630 97445 95893 95604 81109 76912 75433 69759 65315 61615 49476 47860 43386 41003 30985 12594
9932 10
97712 95686 91234 83740 83419 53141 52506 49725 21659 10684
9931 10
99481 98582 77884 77000 66129 62769 36482 33918 27343 10131
9930 18
95750 94706 90104 85769 77304 67884 58972 58614 52354 48502 36607 31945 21141 20648 10560 9300 7018 1143
9929 19
91059 78255 72197 64777 62131 58044 48263 46547 43126 37790 35823 34296 30122 28868 22371 17181 13977 10639 4267
9928 13
98796 72437 69038 62047 52582 45226 41896 30336 28692 9916 6484 2954 53
9927 12
87095 79480 79254 75180 74206 62499 62049 30544 25242 15046 6861 6495
9926 19
96756 93284 90990 88696 85636 84581 83446 81947 78372 71798 64989 61502 60582 60362 56215 51440 47992 31119 28125
9925 19
98421 91552 79183 76086 75380 68727 67971 67164 65805 61658 59648 52043 39401 32290 18840 11784 11544 9491 1368
9924 12
93209 90976 87739 83587 79192 78073 73168 67034 57076 11346 3698 2702
9923 19
97093 91828 81253 78867 75140 73896 72372 59906 54496 53462 52952 37657 37342 32353 29856 24032 13489 9711 1762
9922 15
94940 94147 82790 77306 64093 57338 56391 53726 47545 47451 39709 25632 23760 12820 5847
9921 12
96584 96109 76698 70450 51518 49816 44225 42806 31524 5165 4632 3929
9920 12
97151 75967 60820 54354 54218 50686 41378 39268 30969 20236 19624 12708
9919 14
88524 75411 72542 60013 54379 46417 45714 32786 24844 22991 17227 10097 9049 6059
9918 10
83949 79933 71772 63551 61821 49584 47523 31825 27484 14457
9917 12
89780 77235 76395 71217 66164 63004 60850 59759 32467 27128 26075 1228
9916 15
96141 95010 93644 92092 89381 88744 86729 80348 77432 75779 58820 22530 19396 1929 1394
9915 11
98407 82256 76864 62042 58225 33289 30182 29811 27220 13545 1937
9914 13
83599 67375 66272 64613 61357 47962 33981 27393 9671 9103 8071 4360 474
9913 16
96531 93744 86317 79315 74864 73854 54421 49953 44924 36752 34662 27883 26746 11524 6464 5896
9912 19
98213 96759 93984 91102 83713 79899 79645 75490 68980 62952 50639 47993 23490 23192 23022 21817 18644 13991 7623
9911 18
98925 86125 80577 72497 60879 53222 35153 31495 30592 23834 22964 21567 16947 10230 9623 4393 1380 244
9910 15
93810 77649 76814 66884 65676 63854 59231 46506 43973 36877 32962 32944 30943 29210 27326
9909 18
97876 96229 88491 78492 78120 61424 41833 41339 40880 31603 27031 10602 7380 5882 3900 2835 2268 1823
9908 11
93533 88742 81351 80690 59591 58543 57506 57173 41684 36946 35394
9907 12
92934 83400 80521 78210 69750 33879 24346 17966 15926 13976 12893 9982
9906 14
94805 80751 77875 59724 51599 45726 42280 39590 28601 23455 21823 11028 10290 484
9905 12
99679 93246 91172 85301 82949 74140 69944 48023 47237 29270 19094 16747
9904 19
99085 97407 89381 87616 63631 57075 56766 55094 53117 45664 43274 30703 25066 24338 12052 6926 6235 3549 1365
9903 12
99937 95276 88746 83903 83415 59019 57467 28243 21291 15680 14697 6419
9902 16
79649 66026 65836 62886 59636 46754 40081 35010 34067 33833 32469 27041 15058 14892 13055 4084
9901 17
98098 92842 89925 71267 67709 63013 60223 56066 48671 38805 38101 33061 27587 24859 22114 11348 3021
9900 20
97765 92581 90242 87020 84632 84631 84053 80409 73966 71963 61359 56629 56380 51525 41969 41733 41059 27869 25784 25311
9899 16
97556 95372 93401 87520 65399 46712 43684 38117 36491 22209 20726 17751 15968 14623 14382 6734
9898 15
96870 89994 87787 72220 64094 60964 52840 30879 30664 26201 25338 22611 14387 11194 2945
9897 19
98787 97718 91000 90985 90831 90042 82779 76563 49368 47803 46953 36505 33714 28302 27806 17302 13149 8004 2374
9896 13
71693 61914 59598 51150 49592 49364 40084 34972 30933 28821 8172 7590 5848
9895 18
99502 91891 83249 82136 81912 79774 74780 72377 71577 71416 68092 58356 30448 30350 29913 27516 25017 3492
9894 18
99050 91729 79207 75793 65585 53326 46114 45759 36006 35214 31305 28696 22903 18259 13992 9587 7781 7186
9893 19
89762 85696 78310 74732 73210 71005 70781 65727 61085 56815 34866 34049 33494 23290 22948 17701 16837 9759 1727
9892 15
97006 96695 94298 73968 71311 61203 60546 52076 41396 32011 28932 28836 25915 16092 14738
9891 18
99413 94423 73420 73284 61811 57647 39877 38349 30387 29469 25805 24455 22756 21999 14371 12587 5582 2305
9890 11
94092 65578 59307 54247 48606 39202 37089 31260 27013 21962 15422
9889 13
99860 75653 75279 71030 70722 55108 47077 39701 33093 32305 29752 28851 17833
9888 16
87413 85297 68606 54268 52937 52810 39307 38227 32783 29457 22021 19900 12358 11607 6384 489
9887 13
89257 81587 66188 62498 52145 50465 47825 43272 32428 25661 17517 14723 14045
9886 10
98799 94863 79311 78452 77423 51868 41278 22603 12653 9826
9885 11
83013 65803 47178 40691 36720 36366 33649 8359 7901 1956 1382
9884 20
82191 72755 69399 64705 62799 57860 53437 40805 31633 28536 26703 25211 20960 20190 18796 15040 15029 7455 6323 3832
9883 17
98487 97782 96059 94182 83828 83645 75341 71640 49046 46666 43069 39882 38521 36912 17818 6274 3830
9882 11
95506 92736 88230 87633 67493 58916 58055 34929 21506 11092 407
9881 12
99172 94920 82411 81295 79701 77283 69561 58411 56079 29777 28300 11404
9880 10
96292 91957 89178 75514 71004 27620 20255 18267 9624 7240
9879 16
94631 89400 85212 79830 78749 77530 74844 68373 66732 63233 46162 43004 42265 39931 30261 6664
9878 12
99160 85594 83310 75605 74552 58222 57028 47150 37524 24447 20360 16787
9877 15
98810 95719 89664 77664 76573 64132 56536 54157 37248 36518 33803 32506 25646 24314 1822
9876 10
85230 82041 71364 57244 54404 49465 48488 38918 22230 753
9875 14
93027 91355 83136 76052 74664 66807 65001 56252 56147 49855 49560 25113 18393 18221
9874 11
92765 91647 66629 64558 55061 31330 28627 20303 7443 4445 701
9873 20
96284 95099 83456 75357 71994 69151 69032 61023 46637 45056 43377 34943 31850 31740 26306 21049 13861 12600 4663 786
9872 12
91580 86685 85527 60493 56111 51849 47501 46559 42558 32420 22001 4537
9871 14
92079 87836 84703 80393 70576 63085 58231 47617 29061 21955 17117 15552 15113 1601
9870 20
99838 98810 95460 91285 84963 68752 65133 59381 49916 42155 40333 40288 35560 35036 34553 34399 27792 26958 10416 7031
9869 17
80882 80279 76618 69384 65457 61595 56096 53310 51310 50066 44304 35418 26515 23921 18657 18022 202
9868 10
91849 79361 74398 54093 33650 15035 13721 13146 7951 3232
9867 19
93080 89611 86488 80104 79933 77515 74718 74272 67764 67226 63913 49063 47324 39009 37607 22787 15390 4609 2580
9866 18
91969 83322 76475 76335 62003 60370 54283 48961 47055 39032 38044 33824 29136 27889 17896 15118 3146 499
9865 17
99080 94273 93761 86908 79553 76877 76507 70495 56627 52652 51904 47495 29054 22389 20214 13829 11878
9864 20
94143 90037 89689 87077 74649 71023 63611 63385 57304 57004 54687 54616 49206 47069 43488 39604 20449 11576 7356 3605
9863 19
92764 92596 87376 66438 64221 61288 54906 51019 49458 45952 44851 44175 37999 37145 21622 19321 13687 5681 4296
9862 11
96593 74405 73623 55292 48445 28365 25300 17807 11419 7539 1559
9861 19
96143 91849 91812 83404 80881 73315 67306 57890 48795 48099 41947 39962 35112 31736 27791 22986 21458 16663 781
9860 17
92984 92784 92745 89783 87691 82718 73220 69411 63199 60044 54149 52881 49063 40996 40664 38456 32327
9859 14
87235 80912 78722 72177 63036 50274 43040 42500 39410 38544 35233 32797 16269 192
9858 14
82582 63971 61711 60637 60372 56789 51796 45325 30225 22104 21636 19044 18419 1617
9857 14
99286 93616 87403 77441 67060 66318 58109 51981 50140 47451 47428 45211 24354 6287
9856 13
90350 70510 69599 66644 45339 41517 39919 35619 33551 31681 29506 13722 11485
9855 20
94033 89198 84226 83257 79077 74200 69233 64392 60258 56073 55738 51479 45533 34698 31629 24583 21342 18568 14014 2999
9854 15
96724 93033 86727 84044 75673 68112 65292 37262 36474 35927 34180 27114 23803 17155 13134
9853 12
70442 57591 57516 38956 31917 26022 21740 21719 20331 19703 16240 8873
9852 20
87708 77919 76378 71367 65136 52206 49328 47385 46923 43809 43624 43414 42466 24273 22245 17676 14664 11346 6912 2901
9851 19
99196 89482 87011 83685 73101 70436 69980 59557 57908 56519 56173 49534 46002 42771 41277 17211 12343 9592 3380
9850 11
94545 92769 85252 51073 49905 48557 47762 40658 38706 37533 334
9849 10
89919 76717 76062 67695 63262 60399 35489 30718 22083 746
9848 11
87308 78222 66696 59308 50894 50014 38687 31778 25141 19846 19154
9847 20
98774 96190 90236 86436 85170 83562 83320 81346 76930 67470 53569 51583 49572 42249 40102 37905 34886 31148 25360 11764
9846 11
54800 53651 50779 44845 39083 29434 20822 20075 14282 4357 729
9845 19
86225 78681 76611 75901 62036 61588 59022 43106 39398 29601 29405 26136 25038 18881 17412 17059 13994 13667 916
9844 12
96461 91082 80143 76632 74713 69948 66674 29752 20201 18721 12985 1386
9843 18
99251 98959 98945 94432 92340 85363 79047 72220 61546 51111 48788 38990 37139 29179 17085 13038 8446 3180
9842 15
96395 77661 76781 75365 70352 66410 63452 58365 54736 46210 39293 38843 29122 21875 11049
9841 19
97431 96652 96518 90202 87567 77965 75825 75796 75549 72656 58415 48675 43848 30109 28001 22309 19142 16734 16110
9840 12
97955 84956 84012 74715 53882 44033 40557 40243 38435 35418 6114 956
9839 12
95231 68633 55567 43447 42612 34327 28221 16047 14616 13529 12620 12122
9838 17
99865 94437 90184 82138 78888 77317 59402 56015 37578 33755 27486 14368 13322 11318 7443 7403 2041
9837 17
85264 83415 68610 67611 63596 59260 55380 46633 44252 42122 33788 15461 11881 7111 6827 6324 1223
9836 20
93608 92220 86374 85288 84746 79991 78858 72558 65991 64956 63244 54368 49563 46523 37094 34747 32683 32046 15151 10156
9835 19
99419 99155 93928 91263 89911 72948 70311 68441 57544 46300 36816 30494 29292 26071 20168 19439 11209 8440 5566
9834 18
99321 94848 88607 83856 78373 71188 70480 68786 65617 53139 45350 42574 41535 39496 25560 24797 16755 13654
9833 11
74638 74124 69354 63306 60218 42595 33929 29207 14706 13060 4580
9832 11
89715 83287 55459 36565 30669 21076 20405 12505 10528 9227 1785
9831 13
94881 94379 93947 66978 65758 57943 56701 38506 36912 21575 18882 13103 1355
9830 10
93878 91697 84204 79546 53964 49605 43857 36465 16559 5993
9829 19
97558 88487 86822 83501 77453 75869 70861 67231 64120 56041 51779 47730 47315 32779 21391 20136 11205 3990 1070
9828 17
98329 87393 86785 80311 79444 72892 56591 55184 53823 48580 42240 37530 35386 24060 16857 10767 6880
9827 19
93199 87201 84263 81476 74318 58578 46562 45735 40999 31392 29270 27823 23658 22757 20602 15530 15165 7260 4113
9826 10
88395 83224 77445 64610 54066 32490 16367 12675 11208 1752
9825 16
91004 88978 84101 80134 78362 74272 72658 69417 56591 53762 51662 41850 28843 22302 10778 2204
9824 10
98422 98153 90862 66959 65308 57414 43651 23036 16142 15896
9823 16
96311 85651 73443 69755 68382 59487 46625 46126 42905 41591 32545 28275 23198 17293 13819 5814
9822 16
99995 99677 80800 78886 77581 73474 64185 63649 49397 46839 33601 23017 17524 15665 6557 6489
9821 20
98068 95071 93674 91297 81806 78544 77756 63571 63208 59651 58818 56717 53120 50004 47720 39547 39084 32324 21714 13743
9820 13
99582 94432 85712 85206 84909 82731 79233 68654 67131 54582 49293 49049 16824
9819 19
95822 93374 89719 85430 83450 74238 69244 67391 62939 61198 60785 51889 47311 42238 39433 24020 7682 5316 2436
9818 19
93913 91995 84940 76995 76990 69700 63453 60314 56045 53726 47713 45527 40418 38040 37040 27204 25891 22403 11019
9817 20
97722 91642 85719 84904 82066 79948 77427 68378 65590 60663 52179 40632 38749 36123 30541 25197 19315 16753 14027 12825
9816 13
92959 85188 58457 52723 47766 35174 32860 31683 20765 18966 8065 7367 6690
9815 10
77415 71335 68701 52955 51921 34294 19606 4291 3852 3570
9814 17
98852 98078 85182 80386 63969 61093 59032 51327 51280 45444 38473 36668 36275 32495 30769 5046 4881
9813 15
99436 95356 94623 92099 82552 82314 78608 64818 64462 64046 64016 46582 18786 13082 3869
